TN:
SF:/Users/sunny/lighthouse/scheduler/src/components/Application.js
FN:16,Application
FN:23,(anonymous_1)
FNF:2
FNH:2
FNDA:6,Application
FNDA:8,(anonymous_1)
DA:18,6
DA:20,6
DA:22,6
DA:24,8
DA:38,6
DA:39,6
LF:6
LH:6
BRF:0
BRH:0
end_of_record
TN:
SF:/Users/sunny/lighthouse/scheduler/src/components/Button.js
FN:7,Button
FNF:1
FNH:1
FNDA:34,Button
DA:8,34
DA:13,34
LF:2
LH:2
BRF:0
BRH:0
end_of_record
TN:
SF:/Users/sunny/lighthouse/scheduler/src/components/DayList.js
FN:5,DayList
FN:6,(anonymous_1)
FNF:2
FNH:2
FNDA:6,DayList
FNDA:8,(anonymous_1)
DA:6,6
DA:7,8
DA:18,6
LF:3
LH:3
BRF:0
BRH:0
end_of_record
TN:
SF:/Users/sunny/lighthouse/scheduler/src/components/DayListItem.js
FN:6,formatSpots
FN:13,DayListItem
FN:22,(anonymous_2)
FNF:3
FNH:2
FNDA:8,formatSpots
FNDA:8,DayListItem
FNDA:0,(anonymous_2)
DA:7,8
DA:8,7
DA:10,0
DA:14,8
DA:19,8
DA:22,0
LF:6
LH:4
BRDA:7,0,0,1
BRDA:7,0,1,7
BRDA:8,1,0,7
BRDA:8,1,1,0
BRF:4
BRH:3
end_of_record
TN:
SF:/Users/sunny/lighthouse/scheduler/src/components/InterviewerList.js
FN:9,InterviewerList
FN:10,(anonymous_1)
FN:18,(anonymous_2)
FNF:3
FNH:3
FNDA:17,InterviewerList
FNDA:22,(anonymous_1)
FNDA:2,(anonymous_2)
DA:10,17
DA:11,22
DA:18,2
DA:23,17
DA:31,2
LF:5
LH:5
BRF:0
BRH:0
end_of_record
TN:
SF:/Users/sunny/lighthouse/scheduler/src/components/InterviewerListItem.js
FN:6,InterviewerItem
FNF:1
FNH:1
FNDA:22,InterviewerItem
DA:7,22
DA:11,22
LF:2
LH:2
BRDA:18,0,0,22
BRDA:18,0,1,7
BRF:2
BRH:2
end_of_record
TN:
SF:/Users/sunny/lighthouse/scheduler/src/components/Appointment/Confirm.js
FN:5,Confirm
FNF:1
FNH:0
FNDA:0,Confirm
DA:6,0
LF:1
LH:0
BRF:0
BRH:0
end_of_record
TN:
SF:/Users/sunny/lighthouse/scheduler/src/components/Appointment/Empty.js
FN:3,Empty
FNF:1
FNH:1
FNDA:9,Empty
DA:4,9
DA:5,9
LF:2
LH:2
BRF:0
BRH:0
end_of_record
TN:
SF:/Users/sunny/lighthouse/scheduler/src/components/Appointment/Error.js
FN:3,Error
FNF:1
FNH:0
FNDA:0,Error
DA:4,0
LF:1
LH:0
BRF:0
BRH:0
end_of_record
TN:
SF:/Users/sunny/lighthouse/scheduler/src/components/Appointment/Form.js
FN:6,Form
FN:11,reset
FN:17,cancel
FN:22,validate
FN:40,(anonymous_4)
FN:47,(anonymous_5)
FNF:6
FNH:5
FNDA:18,Form
FNDA:1,reset
FNDA:1,cancel
FNDA:6,validate
FNDA:0,(anonymous_4)
FNDA:4,(anonymous_5)
DA:7,18
DA:8,18
DA:9,18
DA:12,1
DA:13,1
DA:14,1
DA:18,1
DA:19,1
DA:23,6
DA:24,2
DA:25,2
DA:27,4
DA:28,1
DA:29,1
DA:32,3
DA:33,3
DA:37,18
DA:40,0
DA:48,4
LF:19
LH:18
BRDA:7,0,0,18
BRDA:7,0,1,10
BRDA:8,1,0,18
BRDA:8,1,1,11
BRDA:23,2,0,2
BRDA:23,2,1,4
BRDA:27,3,0,1
BRDA:27,3,1,3
BRF:8
BRH:8
end_of_record
TN:
SF:/Users/sunny/lighthouse/scheduler/src/components/Appointment/Header.js
FN:3,Header
FNF:1
FNH:1
FNDA:20,Header
DA:4,20
LF:1
LH:1
BRF:0
BRH:0
end_of_record
TN:
SF:/Users/sunny/lighthouse/scheduler/src/components/Appointment/Show.js
FN:3,Show
FNF:1
FNH:1
FNDA:5,Show
DA:4,5
LF:1
LH:1
BRDA:11,0,0,5
BRDA:11,0,1,5
BRF:2
BRH:2
end_of_record
TN:
SF:/Users/sunny/lighthouse/scheduler/src/components/Appointment/Status.js
FN:3,Status
FNF:1
FNH:1
FNDA:4,Status
DA:4,4
LF:1
LH:1
BRF:0
BRH:0
end_of_record
TN:
SF:/Users/sunny/lighthouse/scheduler/src/components/Appointment/index.js
FN:25,Appointment
FN:32,save
FN:42,(anonymous_2)
FN:43,(anonymous_3)
FN:46,destroy
FN:50,(anonymous_5)
FN:51,(anonymous_6)
FN:56,(anonymous_7)
FN:61,(anonymous_8)
FN:62,(anonymous_9)
FNF:10
FNH:5
FNDA:20,Appointment
FNDA:2,save
FNDA:2,(anonymous_2)
FNDA:0,(anonymous_3)
FNDA:0,destroy
FNDA:0,(anonymous_5)
FNDA:0,(anonymous_6)
FNDA:1,(anonymous_7)
FNDA:0,(anonymous_8)
FNDA:1,(anonymous_9)
DA:15,1
DA:16,1
DA:17,1
DA:18,1
DA:19,1
DA:20,1
DA:21,1
DA:22,1
DA:23,1
DA:26,20
DA:28,20
DA:33,2
DA:38,2
DA:40,2
DA:42,2
DA:43,0
DA:47,0
DA:48,0
DA:50,0
DA:51,0
DA:53,20
DA:56,1
DA:61,0
DA:62,1
LF:24
LH:18
BRDA:29,0,0,9
BRDA:29,0,1,11
BRDA:56,1,0,20
BRDA:56,1,1,9
BRDA:57,2,0,20
BRDA:57,2,1,5
BRDA:65,3,0,20
BRDA:65,3,1,1
BRDA:68,4,0,20
BRDA:68,4,1,1
BRDA:77,5,0,20
BRDA:77,5,1,4
BRDA:78,6,0,20
BRDA:78,6,1,0
BRDA:79,7,0,20
BRDA:79,7,1,0
BRDA:86,8,0,20
BRDA:86,8,1,0
BRDA:89,9,0,20
BRDA:89,9,1,0
BRF:20
BRH:16
end_of_record
TN:
SF:/Users/sunny/lighthouse/scheduler/src/helpers/Appointmenttesd.js
FNF:0
FNH:0
LF:0
LH:0
BRF:0
BRH:0
end_of_record
TN:
SF:/Users/sunny/lighthouse/scheduler/src/helpers/selectors.js
FN:26,getAppointmentsForDay
FN:40,getInterview
FN:52,getInterviewersForDay
FNF:3
FNH:3
FNDA:11,getAppointmentsForDay
FNDA:10,getInterview
FNDA:11,getInterviewersForDay
DA:27,11
DA:28,11
DA:29,16
DA:32,11
DA:33,11
DA:34,16
DA:37,11
DA:41,10
DA:42,6
DA:43,6
DA:49,6
DA:53,11
DA:54,11
DA:55,16
DA:58,11
DA:59,11
DA:60,14
DA:63,11
LF:18
LH:18
BRDA:29,0,0,7
BRDA:29,0,1,9
BRDA:41,1,0,4
BRDA:41,1,1,6
BRDA:55,2,0,7
BRDA:55,2,1,9
BRF:6
BRH:6
end_of_record
TN:
SF:/Users/sunny/lighthouse/scheduler/src/hooks/useApplicationData.js
FN:13,useApplicationData
FN:21,(anonymous_1)
FN:23,(anonymous_2)
FN:29,(anonymous_3)
FN:41,bookInterview
FN:42,(anonymous_5)
FN:51,cancelInterview
FN:52,(anonymous_7)
FNF:8
FNH:5
FNDA:6,useApplicationData
FNDA:0,(anonymous_1)
FNDA:2,(anonymous_2)
FNDA:2,(anonymous_3)
FNDA:2,bookInterview
FNDA:2,(anonymous_5)
FNDA:0,cancelInterview
FNDA:0,(anonymous_7)
DA:14,6
DA:21,6
DA:23,6
DA:24,2
DA:30,2
DA:39,6
DA:42,2
DA:43,2
DA:52,0
DA:53,0
DA:61,6
LF:11
LH:9
BRF:0
BRH:0
end_of_record
TN:
SF:/Users/sunny/lighthouse/scheduler/src/hooks/useRealtimeUpdate.js
FN:4,useRealtimeUpdate
FN:5,(anonymous_1)
FN:8,(anonymous_2)
FN:16,(anonymous_3)
FNF:4
FNH:3
FNDA:6,useRealtimeUpdate
FNDA:2,(anonymous_1)
FNDA:0,(anonymous_2)
FNDA:2,(anonymous_3)
DA:5,6
DA:6,2
DA:8,2
DA:9,0
DA:11,0
DA:12,0
DA:16,2
DA:17,2
LF:8
LH:5
BRDA:11,0,0,0
BRDA:11,0,1,0
BRDA:11,1,0,0
BRDA:11,1,1,0
BRF:4
BRH:0
end_of_record
TN:
SF:/Users/sunny/lighthouse/scheduler/src/hooks/useVisualMode.js
FN:3,useVisualMode
FN:7,transition
FN:9,(anonymous_2)
FN:12,(anonymous_3)
FN:16,back
FN:18,(anonymous_5)
FNF:6
FNH:6
FNDA:33,useVisualMode
FNDA:11,transition
FNDA:1,(anonymous_2)
FNDA:10,(anonymous_3)
FNDA:4,back
FNDA:3,(anonymous_5)
DA:5,33
DA:8,11
DA:9,1
DA:12,10
DA:17,4
DA:18,3
DA:22,33
LF:7
LH:7
BRDA:7,0,0,10
BRDA:8,1,0,1
BRDA:8,1,1,10
BRDA:17,2,0,3
BRDA:17,2,1,1
BRF:5
BRH:5
end_of_record
TN:
SF:/Users/sunny/lighthouse/scheduler/src/reducers/application.js
FN:5,reducer
FN:27,(anonymous_1)
FN:30,(anonymous_2)
FN:34,(anonymous_3)
FNF:4
FNH:4
FNDA:5,reducer
FNDA:2,(anonymous_1)
FNDA:4,(anonymous_2)
FNDA:4,(anonymous_3)
DA:1,2
DA:2,2
DA:3,2
DA:6,5
DA:8,0
DA:10,2
DA:17,2
DA:22,2
DA:27,2
DA:28,2
DA:30,4
DA:34,2
DA:35,4
DA:43,2
DA:50,1
LF:15
LH:14
BRDA:6,0,0,0
BRDA:6,0,1,2
BRDA:6,0,2,2
BRDA:6,0,3,1
BRDA:19,1,0,2
BRDA:19,1,1,2
BRDA:30,2,0,3
BRDA:30,2,1,1
BRDA:35,3,0,2
BRDA:35,3,1,2
BRF:10
BRH:9
end_of_record
