TN:
SF:/Users/sunny/lighthouse/scheduler/src/components/Application.js
FN:16,Application
FN:27,(anonymous_1)
FNF:2
FNH:0
FNDA:0,Application
FNDA:0,(anonymous_1)
DA:22,0
DA:24,0
DA:26,0
DA:28,0
DA:41,0
LF:5
LH:0
BRF:0
BRH:0
end_of_record
TN:
SF:/Users/sunny/lighthouse/scheduler/src/components/Button.js
FN:7,Button
FNF:1
FNH:1
FNDA:24,Button
DA:8,24
DA:13,24
LF:2
LH:2
BRF:0
BRH:0
end_of_record
TN:
SF:/Users/sunny/lighthouse/scheduler/src/components/DayList.js
FN:5,DayList
FN:6,(anonymous_1)
FNF:2
FNH:0
FNDA:0,DayList
FNDA:0,(anonymous_1)
DA:6,0
DA:7,0
DA:18,0
LF:3
LH:0
BRF:0
BRH:0
end_of_record
TN:
SF:/Users/sunny/lighthouse/scheduler/src/components/DayListItem.js
FN:6,formatSpots
FN:13,DayListItem
FN:22,(anonymous_2)
FNF:3
FNH:0
FNDA:0,formatSpots
FNDA:0,DayListItem
FNDA:0,(anonymous_2)
DA:7,0
DA:8,0
DA:10,0
DA:14,0
DA:19,0
DA:22,0
LF:6
LH:0
BRDA:7,0,0,0
BRDA:7,0,1,0
BRDA:8,1,0,0
BRDA:8,1,1,0
BRF:4
BRH:0
end_of_record
TN:
SF:/Users/sunny/lighthouse/scheduler/src/components/InterviewerList.js
FN:9,InterviewerList
FN:10,(anonymous_1)
FN:18,(anonymous_2)
FNF:3
FNH:2
FNDA:12,InterviewerList
FNDA:12,(anonymous_1)
FNDA:0,(anonymous_2)
DA:10,12
DA:11,12
DA:18,0
DA:23,12
DA:31,3
LF:5
LH:4
BRF:0
BRH:0
end_of_record
TN:
SF:/Users/sunny/lighthouse/scheduler/src/components/InterviewerListItem.js
FN:6,InterviewerItem
FNF:1
FNH:1
FNDA:12,InterviewerItem
DA:7,12
DA:11,12
LF:2
LH:2
BRDA:18,0,0,12
BRDA:18,0,1,4
BRF:2
BRH:2
end_of_record
TN:
SF:/Users/sunny/lighthouse/scheduler/src/components/Appointment/Confirm.js
FN:5,Confirm
FNF:1
FNH:0
FNDA:0,Confirm
DA:6,0
LF:1
LH:0
BRF:0
BRH:0
end_of_record
TN:
SF:/Users/sunny/lighthouse/scheduler/src/components/Appointment/Empty.js
FN:3,Empty
FNF:1
FNH:1
FNDA:2,Empty
DA:4,2
LF:1
LH:1
BRF:0
BRH:0
end_of_record
TN:
SF:/Users/sunny/lighthouse/scheduler/src/components/Appointment/Error.js
FN:3,Error
FNF:1
FNH:0
FNDA:0,Error
DA:4,0
LF:1
LH:0
BRF:0
BRH:0
end_of_record
TN:
SF:/Users/sunny/lighthouse/scheduler/src/components/Appointment/Form.js
FN:6,Form
FN:11,reset
FN:17,cancel
FN:22,validate
FN:40,(anonymous_4)
FN:47,(anonymous_5)
FNF:6
FNH:5
FNDA:12,Form
FNDA:1,reset
FNDA:1,cancel
FNDA:4,validate
FNDA:0,(anonymous_4)
FNDA:2,(anonymous_5)
DA:7,12
DA:8,12
DA:9,12
DA:12,1
DA:13,1
DA:14,1
DA:18,1
DA:19,1
DA:23,4
DA:24,2
DA:25,2
DA:27,2
DA:28,1
DA:29,1
DA:32,1
DA:33,1
DA:37,12
DA:40,0
DA:48,2
LF:19
LH:18
BRDA:7,0,0,12
BRDA:7,0,1,7
BRDA:8,1,0,12
BRDA:8,1,1,8
BRDA:23,2,0,2
BRDA:23,2,1,2
BRDA:27,3,0,1
BRDA:27,3,1,1
BRF:8
BRH:8
end_of_record
TN:
SF:/Users/sunny/lighthouse/scheduler/src/components/Appointment/Header.js
FN:3,Header
FNF:1
FNH:1
FNDA:1,Header
DA:4,1
LF:1
LH:1
BRF:0
BRH:0
end_of_record
TN:
SF:/Users/sunny/lighthouse/scheduler/src/components/Appointment/Show.js
FN:3,Show
FNF:1
FNH:0
FNDA:0,Show
DA:4,0
LF:1
LH:0
BRDA:11,0,0,0
BRDA:11,0,1,0
BRF:2
BRH:0
end_of_record
TN:
SF:/Users/sunny/lighthouse/scheduler/src/components/Appointment/Status.js
FN:3,Status
FNF:1
FNH:0
FNDA:0,Status
DA:4,0
LF:1
LH:0
BRF:0
BRH:0
end_of_record
TN:
SF:/Users/sunny/lighthouse/scheduler/src/components/Appointment/index.js
FN:25,Appointment
FN:32,save
FN:42,(anonymous_2)
FN:43,(anonymous_3)
FN:46,destroy
FN:50,(anonymous_5)
FN:51,(anonymous_6)
FN:56,(anonymous_7)
FN:61,(anonymous_8)
FN:62,(anonymous_9)
FN:98,(anonymous_10)
FN:99,(anonymous_11)
FN:102,(anonymous_12)
FNF:13
FNH:1
FNDA:1,Appointment
FNDA:0,save
FNDA:0,(anonymous_2)
FNDA:0,(anonymous_3)
FNDA:0,destroy
FNDA:0,(anonymous_5)
FNDA:0,(anonymous_6)
FNDA:0,(anonymous_7)
FNDA:0,(anonymous_8)
FNDA:0,(anonymous_9)
FNDA:0,(anonymous_10)
FNDA:0,(anonymous_11)
FNDA:0,(anonymous_12)
DA:15,2
DA:16,2
DA:17,2
DA:18,2
DA:19,2
DA:20,2
DA:21,2
DA:22,2
DA:23,2
DA:26,1
DA:28,1
DA:33,0
DA:38,0
DA:40,0
DA:42,0
DA:43,0
DA:47,0
DA:48,0
DA:50,0
DA:51,0
DA:54,1
DA:56,0
DA:61,0
DA:62,0
DA:98,0
DA:99,0
DA:102,0
LF:27
LH:12
BRDA:29,0,0,0
BRDA:29,0,1,1
BRDA:56,1,0,1
BRDA:56,1,1,1
BRDA:57,2,0,1
BRDA:57,2,1,0
BRDA:65,3,0,1
BRDA:65,3,1,0
BRDA:68,4,0,1
BRDA:68,4,1,0
BRDA:77,5,0,1
BRDA:77,5,1,0
BRDA:78,6,0,1
BRDA:78,6,1,0
BRDA:79,7,0,1
BRDA:79,7,1,0
BRDA:86,8,0,1
BRDA:86,8,1,0
BRDA:89,9,0,1
BRDA:89,9,1,0
BRDA:94,10,0,0
BRDA:94,10,1,1
BRF:22
BRH:12
end_of_record
TN:
SF:/Users/sunny/lighthouse/scheduler/src/helpers/selectors.js
FN:1,getAppointmentsForDay
FN:2,(anonymous_1)
FN:6,(anonymous_2)
FN:9,getInterviewersForDay
FN:10,(anonymous_4)
FN:14,(anonymous_5)
FN:17,getInterview
FNF:7
FNH:7
FNDA:5,getAppointmentsForDay
FNDA:6,(anonymous_1)
FNDA:8,(anonymous_2)
FNDA:5,getInterviewersForDay
FNDA:6,(anonymous_4)
FNDA:6,(anonymous_5)
FNDA:2,getInterview
DA:2,6
DA:4,5
DA:6,8
DA:10,6
DA:12,5
DA:14,6
DA:18,2
LF:7
LH:7
BRDA:4,0,0,2
BRDA:4,0,1,3
BRDA:4,1,0,5
BRDA:4,1,1,4
BRDA:12,2,0,2
BRDA:12,2,1,3
BRDA:12,3,0,5
BRDA:12,3,1,4
BRDA:19,4,0,2
BRDA:19,4,1,1
BRF:10
BRH:10
end_of_record
TN:
SF:/Users/sunny/lighthouse/scheduler/src/hooks/useApplicationData.js
FN:13,useApplicationData
FN:21,(anonymous_1)
FN:23,(anonymous_2)
FN:29,(anonymous_3)
FN:41,bookInterview
FN:42,(anonymous_5)
FN:51,cancelInterview
FN:52,(anonymous_7)
FNF:8
FNH:0
FNDA:0,useApplicationData
FNDA:0,(anonymous_1)
FNDA:0,(anonymous_2)
FNDA:0,(anonymous_3)
FNDA:0,bookInterview
FNDA:0,(anonymous_5)
FNDA:0,cancelInterview
FNDA:0,(anonymous_7)
DA:14,0
DA:21,0
DA:23,0
DA:24,0
DA:30,0
DA:39,0
DA:42,0
DA:43,0
DA:52,0
DA:53,0
DA:61,0
LF:11
LH:0
BRF:0
BRH:0
end_of_record
TN:
SF:/Users/sunny/lighthouse/scheduler/src/hooks/useRealtimeUpdate.js
FN:4,useRealtimeUpdate
FN:5,(anonymous_1)
FN:8,(anonymous_2)
FN:16,(anonymous_3)
FNF:4
FNH:0
FNDA:0,useRealtimeUpdate
FNDA:0,(anonymous_1)
FNDA:0,(anonymous_2)
FNDA:0,(anonymous_3)
DA:5,0
DA:6,0
DA:8,0
DA:9,0
DA:11,0
DA:12,0
DA:16,0
DA:17,0
LF:8
LH:0
BRDA:11,0,0,0
BRDA:11,0,1,0
BRDA:11,1,0,0
BRDA:11,1,1,0
BRF:4
BRH:0
end_of_record
TN:
SF:/Users/sunny/lighthouse/scheduler/src/hooks/useVisualMode.js
FN:3,useVisualMode
FN:7,transition
FN:9,(anonymous_2)
FN:12,(anonymous_3)
FN:16,back
FN:18,(anonymous_5)
FNF:6
FNH:6
FNDA:14,useVisualMode
FNDA:5,transition
FNDA:1,(anonymous_2)
FNDA:4,(anonymous_3)
FNDA:4,back
FNDA:3,(anonymous_5)
DA:5,14
DA:8,5
DA:9,1
DA:12,4
DA:17,4
DA:18,3
DA:22,14
LF:7
LH:7
BRDA:7,0,0,4
BRDA:8,1,0,1
BRDA:8,1,1,4
BRDA:17,2,0,3
BRDA:17,2,1,1
BRF:5
BRH:5
end_of_record
TN:
SF:/Users/sunny/lighthouse/scheduler/src/reducers/application.js
FN:5,reducer
FN:27,(anonymous_1)
FN:30,(anonymous_2)
FN:34,(anonymous_3)
FNF:4
FNH:1
FNDA:1,reducer
FNDA:0,(anonymous_1)
FNDA:0,(anonymous_2)
FNDA:0,(anonymous_3)
DA:1,2
DA:2,2
DA:3,2
DA:6,1
DA:8,0
DA:10,0
DA:17,0
DA:22,0
DA:27,0
DA:28,0
DA:30,0
DA:34,0
DA:35,0
DA:43,0
DA:50,1
LF:15
LH:5
BRDA:6,0,0,0
BRDA:6,0,1,0
BRDA:6,0,2,0
BRDA:6,0,3,1
BRDA:19,1,0,0
BRDA:19,1,1,0
BRDA:30,2,0,0
BRDA:30,2,1,0
BRDA:35,3,0,0
BRDA:35,3,1,0
BRF:10
BRH:1
end_of_record
